2025/03/29 16:37:16 [notice] 1#1: signal 3 (SIGQUIT) received, shutting down
2025/03/29 16:37:16 [notice] 29#29: gracefully shutting down
2025/03/29 16:37:16 [notice] 31#31: gracefully shutting down
2025/03/29 16:37:16 [notice] 30#30: gracefully shutting down
2025/03/29 16:37:16 [notice] 32#32: gracefully shutting down
2025/03/29 16:37:16 [notice] 33#33: gracefully shutting down
2025/03/29 16:37:16 [notice] 34#34: gracefully shutting down
2025/03/29 16:37:16 [notice] 35#35: gracefully shutting down
2025/03/29 16:37:16 [notice] 36#36: gracefully shutting down
2025/03/29 16:37:16 [notice] 37#37: gracefully shutting down
2025/03/29 16:37:16 [notice] 38#38: gracefully shutting down
2025/03/29 16:37:16 [notice] 39#39: gracefully shutting down
2025/03/29 16:37:16 [notice] 40#40: gracefully shutting down
2025/03/29 16:37:16 [notice] 40#40: exiting
2025/03/29 16:37:16 [notice] 29#29: exiting
2025/03/29 16:37:16 [notice] 31#31: exiting
2025/03/29 16:37:16 [notice] 30#30: exiting
2025/03/29 16:37:16 [notice] 32#32: exiting
2025/03/29 16:37:16 [notice] 33#33: exiting
2025/03/29 16:37:16 [notice] 32#32: exit
2025/03/29 16:37:16 [notice] 34#34: exiting
2025/03/29 16:37:16 [notice] 35#35: exiting
2025/03/29 16:37:16 [notice] 36#36: exiting
2025/03/29 16:37:16 [notice] 37#37: exiting
2025/03/29 16:37:16 [notice] 38#38: exiting
2025/03/29 16:37:16 [notice] 39#39: exiting
2025/03/29 16:37:16 [notice] 40#40: exit
2025/03/29 16:37:16 [notice] 29#29: exit
2025/03/29 16:37:16 [notice] 31#31: exit
2025/03/29 16:37:16 [notice] 30#30: exit
2025/03/29 16:37:16 [notice] 33#33: exit
2025/03/29 16:37:16 [notice] 34#34: exit
2025/03/29 16:37:16 [notice] 35#35: exit
2025/03/29 16:37:16 [notice] 36#36: exit
2025/03/29 16:37:16 [notice] 37#37: exit
2025/03/29 16:37:16 [notice] 38#38: exit
2025/03/29 16:37:16 [notice] 39#39: exit
2025/03/29 16:37:16 [notice] 1#1: signal 17 (SIGCHLD) received from 29
2025/03/29 16:37:16 [notice] 1#1: worker process 29 exited with code 0
2025/03/29 16:37:16 [notice] 1#1: worker process 31 exited with code 0
2025/03/29 16:37:16 [notice] 1#1: worker process 32 exited with code 0
2025/03/29 16:37:16 [notice] 1#1: worker process 33 exited with code 0
2025/03/29 16:37:16 [notice] 1#1: worker process 34 exited with code 0
2025/03/29 16:37:16 [notice] 1#1: worker process 35 exited with code 0
2025/03/29 16:37:16 [notice] 1#1: worker process 38 exited with code 0
2025/03/29 16:37:16 [notice] 1#1: worker process 39 exited with code 0
2025/03/29 16:37:16 [notice] 1#1: worker process 40 exited with code 0
2025/03/29 16:37:16 [notice] 1#1: signal 29 (SIGIO) received
2025/03/29 16:37:16 [notice] 1#1: signal 17 (SIGCHLD) received from 36
2025/03/29 16:37:16 [notice] 1#1: worker process 36 exited with code 0
2025/03/29 16:37:16 [notice] 1#1: signal 29 (SIGIO) received
2025/03/29 16:37:16 [notice] 1#1: signal 17 (SIGCHLD) received from 37
2025/03/29 16:37:16 [notice] 1#1: worker process 30 exited with code 0
2025/03/29 16:37:16 [notice] 1#1: worker process 37 exited with code 0
2025/03/29 16:37:16 [notice] 1#1: exit
2025/03/29 16:47:09 [notice] 1#1: using the "epoll" event method
2025/03/29 16:47:09 [notice] 1#1: nginx/1.27.4
2025/03/29 16:47:09 [notice] 1#1: built by gcc 14.2.0 (Alpine 14.2.0) 
2025/03/29 16:47:09 [notice] 1#1: OS: Linux 6.12.5-linuxkit
2025/03/29 16:47:09 [notice] 1#1: getrlimit(RLIMIT_NOFILE): 1048576:1048576
2025/03/29 16:47:09 [notice] 1#1: start worker processes
2025/03/29 16:47:09 [notice] 1#1: start worker process 29
2025/03/29 16:47:09 [notice] 1#1: start worker process 30
2025/03/29 16:47:09 [notice] 1#1: start worker process 31
2025/03/29 16:47:09 [notice] 1#1: start worker process 32
2025/03/29 16:47:09 [notice] 1#1: start worker process 33
2025/03/29 16:47:09 [notice] 1#1: start worker process 34
2025/03/29 16:47:09 [notice] 1#1: start worker process 35
2025/03/29 16:47:09 [notice] 1#1: start worker process 36
2025/03/29 16:47:09 [notice] 1#1: start worker process 37
2025/03/29 16:47:09 [notice] 1#1: start worker process 38
2025/03/29 16:47:09 [notice] 1#1: start worker process 39
2025/03/29 16:47:09 [notice] 1#1: start worker process 40
2025/03/29 16:50:41 [error] 30#30: *2 upstream timed out (110: Operation timed out) while reading response header from upstream, client: 192.168.65.1, server: , request: "GET /vacancies HTTP/1.1", upstream: "fastcgi://172.18.0.5:9000", host: "localhost:8000"
2025/03/29 16:51:14 [error] 29#29: *1 upstream timed out (110: Operation timed out) while reading response header from upstream, client: 192.168.65.1, server: , request: "GET / HTTP/1.1", upstream: "fastcgi://172.18.0.5:9000", host: "localhost:8000"
2025/03/29 17:24:25 [notice] 1#1: signal 3 (SIGQUIT) received, shutting down
2025/03/29 17:24:25 [notice] 30#30: gracefully shutting down
2025/03/29 17:24:25 [notice] 30#30: exiting
2025/03/29 17:24:25 [notice] 33#33: gracefully shutting down
2025/03/29 17:24:25 [notice] 31#31: gracefully shutting down
2025/03/29 17:24:25 [notice] 31#31: exiting
2025/03/29 17:24:25 [notice] 29#29: gracefully shutting down
2025/03/29 17:24:25 [notice] 35#35: gracefully shutting down
2025/03/29 17:24:25 [notice] 37#37: gracefully shutting down
2025/03/29 17:24:25 [notice] 34#34: gracefully shutting down
2025/03/29 17:24:25 [notice] 38#38: gracefully shutting down
2025/03/29 17:24:25 [notice] 39#39: gracefully shutting down
2025/03/29 17:24:25 [notice] 40#40: gracefully shutting down
2025/03/29 17:24:25 [notice] 32#32: gracefully shutting down
2025/03/29 17:24:25 [notice] 36#36: gracefully shutting down
2025/03/29 17:24:25 [notice] 30#30: exit
2025/03/29 17:24:25 [notice] 33#33: exiting
2025/03/29 17:24:25 [notice] 31#31: exit
2025/03/29 17:24:25 [notice] 29#29: exiting
2025/03/29 17:24:25 [notice] 35#35: exiting
2025/03/29 17:24:25 [notice] 37#37: exiting
2025/03/29 17:24:25 [notice] 34#34: exiting
2025/03/29 17:24:25 [notice] 38#38: exiting
2025/03/29 17:24:25 [notice] 39#39: exiting
2025/03/29 17:24:25 [notice] 40#40: exiting
2025/03/29 17:24:25 [notice] 32#32: exiting
2025/03/29 17:24:25 [notice] 36#36: exiting
2025/03/29 17:24:25 [notice] 33#33: exit
2025/03/29 17:24:25 [notice] 29#29: exit
2025/03/29 17:24:25 [notice] 35#35: exit
2025/03/29 17:24:25 [notice] 37#37: exit
2025/03/29 17:24:25 [notice] 34#34: exit
2025/03/29 17:24:25 [notice] 38#38: exit
2025/03/29 17:24:25 [notice] 39#39: exit
2025/03/29 17:24:25 [notice] 40#40: exit
2025/03/29 17:24:25 [notice] 32#32: exit
2025/03/29 17:24:25 [notice] 36#36: exit
2025/03/29 17:24:26 [notice] 1#1: signal 17 (SIGCHLD) received from 30
2025/03/29 17:24:26 [notice] 1#1: worker process 30 exited with code 0
2025/03/29 17:24:26 [notice] 1#1: signal 29 (SIGIO) received
2025/03/29 17:24:26 [notice] 1#1: signal 17 (SIGCHLD) received from 31
2025/03/29 17:24:26 [notice] 1#1: worker process 31 exited with code 0
2025/03/29 17:24:26 [notice] 1#1: signal 29 (SIGIO) received
2025/03/29 17:24:26 [notice] 1#1: signal 17 (SIGCHLD) received from 32
2025/03/29 17:24:26 [notice] 1#1: worker process 32 exited with code 0
2025/03/29 17:24:26 [notice] 1#1: worker process 35 exited with code 0
2025/03/29 17:24:26 [notice] 1#1: worker process 34 exited with code 0
2025/03/29 17:24:26 [notice] 1#1: worker process 39 exited with code 0
2025/03/29 17:24:26 [notice] 1#1: worker process 40 exited with code 0
2025/03/29 17:24:26 [notice] 1#1: signal 29 (SIGIO) received
2025/03/29 17:24:26 [notice] 1#1: signal 17 (SIGCHLD) received from 39
2025/03/29 17:24:26 [notice] 1#1: worker process 29 exited with code 0
2025/03/29 17:24:26 [notice] 1#1: worker process 33 exited with code 0
2025/03/29 17:24:26 [notice] 1#1: worker process 36 exited with code 0
2025/03/29 17:24:26 [notice] 1#1: worker process 37 exited with code 0
2025/03/29 17:24:26 [notice] 1#1: worker process 38 exited with code 0
2025/03/29 17:24:26 [notice] 1#1: exit
2025/03/30 11:38:40 [notice] 1#1: using the "epoll" event method
2025/03/30 11:38:40 [notice] 1#1: nginx/1.27.4
2025/03/30 11:38:40 [notice] 1#1: built by gcc 14.2.0 (Alpine 14.2.0) 
2025/03/30 11:38:40 [notice] 1#1: OS: Linux 6.12.5-linuxkit
2025/03/30 11:38:40 [notice] 1#1: getrlimit(RLIMIT_NOFILE): 1048576:1048576
2025/03/30 11:38:40 [notice] 1#1: start worker processes
2025/03/30 11:38:40 [notice] 1#1: start worker process 29
2025/03/30 11:38:40 [notice] 1#1: start worker process 30
2025/03/30 11:38:40 [notice] 1#1: start worker process 31
2025/03/30 11:38:40 [notice] 1#1: start worker process 32
2025/03/30 11:38:40 [notice] 1#1: start worker process 33
2025/03/30 11:38:40 [notice] 1#1: start worker process 34
2025/03/30 11:38:40 [notice] 1#1: start worker process 35
2025/03/30 11:38:40 [notice] 1#1: start worker process 36
2025/03/30 11:38:40 [notice] 1#1: start worker process 37
2025/03/30 11:38:40 [notice] 1#1: start worker process 38
2025/03/30 11:38:40 [notice] 1#1: start worker process 39
2025/03/30 11:38:40 [notice] 1#1: start worker process 40
2025/03/30 11:41:46 [notice] 1#1: signal 3 (SIGQUIT) received, shutting down
2025/03/30 11:41:46 [notice] 29#29: gracefully shutting down
2025/03/30 11:41:46 [notice] 30#30: gracefully shutting down
2025/03/30 11:41:46 [notice] 31#31: gracefully shutting down
2025/03/30 11:41:46 [notice] 32#32: gracefully shutting down
2025/03/30 11:41:46 [notice] 33#33: gracefully shutting down
2025/03/30 11:41:46 [notice] 34#34: gracefully shutting down
2025/03/30 11:41:46 [notice] 35#35: gracefully shutting down
2025/03/30 11:41:46 [notice] 36#36: gracefully shutting down
2025/03/30 11:41:46 [notice] 38#38: gracefully shutting down
2025/03/30 11:41:46 [notice] 37#37: gracefully shutting down
2025/03/30 11:41:46 [notice] 40#40: gracefully shutting down
2025/03/30 11:41:46 [notice] 39#39: gracefully shutting down
2025/03/30 11:41:46 [notice] 29#29: exiting
2025/03/30 11:41:46 [notice] 30#30: exiting
2025/03/30 11:41:46 [notice] 31#31: exiting
2025/03/30 11:41:46 [notice] 32#32: exiting
2025/03/30 11:41:46 [notice] 33#33: exiting
2025/03/30 11:41:46 [notice] 34#34: exiting
2025/03/30 11:41:46 [notice] 35#35: exiting
2025/03/30 11:41:46 [notice] 36#36: exiting
2025/03/30 11:41:46 [notice] 38#38: exiting
2025/03/30 11:41:46 [notice] 37#37: exiting
2025/03/30 11:41:46 [notice] 40#40: exiting
2025/03/30 11:41:46 [notice] 39#39: exiting
2025/03/30 11:41:46 [notice] 29#29: exit
2025/03/30 11:41:46 [notice] 30#30: exit
2025/03/30 11:41:46 [notice] 31#31: exit
2025/03/30 11:41:46 [notice] 32#32: exit
2025/03/30 11:41:46 [notice] 33#33: exit
2025/03/30 11:41:46 [notice] 34#34: exit
2025/03/30 11:41:46 [notice] 35#35: exit
2025/03/30 11:41:46 [notice] 36#36: exit
2025/03/30 11:41:46 [notice] 38#38: exit
2025/03/30 11:41:46 [notice] 37#37: exit
2025/03/30 11:41:46 [notice] 40#40: exit
2025/03/30 11:41:46 [notice] 39#39: exit
2025/03/30 11:41:46 [notice] 1#1: signal 17 (SIGCHLD) received from 29
2025/03/30 11:41:46 [notice] 1#1: worker process 29 exited with code 0
2025/03/30 11:41:46 [notice] 1#1: worker process 35 exited with code 0
2025/03/30 11:41:46 [notice] 1#1: signal 29 (SIGIO) received
2025/03/30 11:41:46 [notice] 1#1: signal 17 (SIGCHLD) received from 32
2025/03/30 11:41:46 [notice] 1#1: worker process 30 exited with code 0
2025/03/30 11:41:46 [notice] 1#1: worker process 32 exited with code 0
2025/03/30 11:41:46 [notice] 1#1: worker process 33 exited with code 0
2025/03/30 11:41:46 [notice] 1#1: worker process 34 exited with code 0
2025/03/30 11:41:46 [notice] 1#1: worker process 39 exited with code 0
2025/03/30 11:41:46 [notice] 1#1: worker process 38 exited with code 0
2025/03/30 11:41:46 [notice] 1#1: worker process 31 exited with code 0
2025/03/30 11:41:46 [notice] 1#1: signal 29 (SIGIO) received
2025/03/30 11:41:46 [notice] 1#1: signal 17 (SIGCHLD) received from 34
2025/03/30 11:41:46 [notice] 1#1: worker process 36 exited with code 0
2025/03/30 11:41:46 [notice] 1#1: worker process 37 exited with code 0
2025/03/30 11:41:46 [notice] 1#1: worker process 40 exited with code 0
2025/03/30 11:41:46 [notice] 1#1: exit
2025/03/30 11:43:36 [notice] 1#1: using the "epoll" event method
2025/03/30 11:43:36 [notice] 1#1: nginx/1.27.4
2025/03/30 11:43:36 [notice] 1#1: built by gcc 14.2.0 (Alpine 14.2.0) 
2025/03/30 11:43:36 [notice] 1#1: OS: Linux 6.12.5-linuxkit
2025/03/30 11:43:36 [notice] 1#1: getrlimit(RLIMIT_NOFILE): 1048576:1048576
2025/03/30 11:43:36 [notice] 1#1: start worker processes
2025/03/30 11:43:36 [notice] 1#1: start worker process 29
2025/03/30 11:43:36 [notice] 1#1: start worker process 30
2025/03/30 11:43:36 [notice] 1#1: start worker process 31
2025/03/30 11:43:36 [notice] 1#1: start worker process 32
2025/03/30 11:43:36 [notice] 1#1: start worker process 33
2025/03/30 11:43:36 [notice] 1#1: start worker process 34
2025/03/30 11:43:36 [notice] 1#1: start worker process 35
2025/03/30 11:43:36 [notice] 1#1: start worker process 36
2025/03/30 11:43:36 [notice] 1#1: start worker process 37
2025/03/30 11:43:36 [notice] 1#1: start worker process 38
2025/03/30 11:43:36 [notice] 1#1: start worker process 39
2025/03/30 11:43:36 [notice] 1#1: start worker process 40
2025/03/30 11:46:50 [notice] 47#47: signal process started
2025/03/30 11:46:50 [notice] 1#1: signal 1 (SIGHUP) received from 47, reconfiguring
2025/03/30 11:46:50 [notice] 1#1: reconfiguring
2025/03/30 11:46:50 [notice] 1#1: using the "epoll" event method
2025/03/30 11:46:50 [notice] 1#1: start worker processes
2025/03/30 11:46:50 [notice] 1#1: start worker process 48
2025/03/30 11:46:50 [notice] 1#1: start worker process 49
2025/03/30 11:46:50 [notice] 1#1: start worker process 50
2025/03/30 11:46:50 [notice] 1#1: start worker process 51
2025/03/30 11:46:50 [notice] 1#1: start worker process 52
2025/03/30 11:46:50 [notice] 1#1: start worker process 53
2025/03/30 11:46:50 [notice] 1#1: start worker process 54
2025/03/30 11:46:50 [notice] 1#1: start worker process 55
2025/03/30 11:46:50 [notice] 1#1: start worker process 56
2025/03/30 11:46:50 [notice] 1#1: start worker process 57
2025/03/30 11:46:50 [notice] 1#1: start worker process 58
2025/03/30 11:46:50 [notice] 1#1: start worker process 59
2025/03/30 11:46:50 [notice] 29#29: gracefully shutting down
2025/03/30 11:46:50 [notice] 30#30: gracefully shutting down
2025/03/30 11:46:50 [notice] 32#32: gracefully shutting down
2025/03/30 11:46:50 [notice] 32#32: exiting
2025/03/30 11:46:50 [notice] 31#31: gracefully shutting down
2025/03/30 11:46:50 [notice] 33#33: gracefully shutting down
2025/03/30 11:46:50 [notice] 34#34: gracefully shutting down
2025/03/30 11:46:50 [notice] 34#34: exiting
2025/03/30 11:46:50 [notice] 35#35: gracefully shutting down
2025/03/30 11:46:50 [notice] 36#36: gracefully shutting down
2025/03/30 11:46:50 [notice] 37#37: gracefully shutting down
2025/03/30 11:46:50 [notice] 38#38: gracefully shutting down
2025/03/30 11:46:50 [notice] 39#39: gracefully shutting down
2025/03/30 11:46:50 [notice] 40#40: gracefully shutting down
2025/03/30 11:46:50 [notice] 29#29: exiting
2025/03/30 11:46:50 [notice] 32#32: exit
2025/03/30 11:46:50 [notice] 31#31: exiting
2025/03/30 11:46:50 [notice] 33#33: exiting
2025/03/30 11:46:50 [notice] 34#34: exit
2025/03/30 11:46:50 [notice] 35#35: exiting
2025/03/30 11:46:50 [notice] 36#36: exiting
2025/03/30 11:46:50 [notice] 37#37: exiting
2025/03/30 11:46:50 [notice] 38#38: exiting
2025/03/30 11:46:50 [notice] 39#39: exiting
2025/03/30 11:46:50 [notice] 40#40: exiting
2025/03/30 11:46:50 [notice] 29#29: exit
2025/03/30 11:46:50 [notice] 31#31: exit
2025/03/30 11:46:50 [notice] 33#33: exit
2025/03/30 11:46:50 [notice] 35#35: exit
2025/03/30 11:46:50 [notice] 36#36: exit
2025/03/30 11:46:50 [notice] 37#37: exit
2025/03/30 11:46:50 [notice] 38#38: exit
2025/03/30 11:46:50 [notice] 39#39: exit
2025/03/30 11:46:50 [notice] 40#40: exit
2025/03/30 11:46:51 [notice] 1#1: signal 17 (SIGCHLD) received from 32
2025/03/30 11:46:51 [notice] 1#1: worker process 32 exited with code 0
2025/03/30 11:46:51 [notice] 1#1: worker process 34 exited with code 0
2025/03/30 11:46:51 [notice] 1#1: signal 29 (SIGIO) received
2025/03/30 11:46:51 [notice] 1#1: signal 17 (SIGCHLD) received from 34
2025/03/30 11:46:51 [notice] 1#1: signal 17 (SIGCHLD) received from 35
2025/03/30 11:46:51 [notice] 1#1: worker process 29 exited with code 0
2025/03/30 11:46:51 [notice] 1#1: worker process 31 exited with code 0
2025/03/30 11:46:51 [notice] 1#1: worker process 35 exited with code 0
2025/03/30 11:46:51 [notice] 1#1: signal 29 (SIGIO) received
2025/03/30 11:46:51 [notice] 1#1: signal 17 (SIGCHLD) received from 29
2025/03/30 11:46:51 [notice] 1#1: signal 17 (SIGCHLD) received from 37
2025/03/30 11:46:51 [notice] 1#1: worker process 37 exited with code 0
2025/03/30 11:46:51 [notice] 1#1: worker process 33 exited with code 0
2025/03/30 11:46:51 [notice] 1#1: worker process 38 exited with code 0
2025/03/30 11:46:51 [notice] 1#1: signal 29 (SIGIO) received
2025/03/30 11:46:51 [notice] 1#1: signal 17 (SIGCHLD) received from 33
2025/03/30 11:46:51 [notice] 1#1: signal 17 (SIGCHLD) received from 36
2025/03/30 11:46:51 [notice] 1#1: worker process 36 exited with code 0
2025/03/30 11:46:51 [notice] 1#1: worker process 39 exited with code 0
2025/03/30 11:46:51 [notice] 1#1: worker process 40 exited with code 0
2025/03/30 11:46:51 [notice] 1#1: signal 29 (SIGIO) received
2025/03/30 11:46:51 [notice] 1#1: signal 17 (SIGCHLD) received from 40
2025/03/30 11:46:52 [notice] 30#30: exiting
2025/03/30 11:46:52 [notice] 30#30: exit
2025/03/30 11:46:52 [notice] 1#1: signal 17 (SIGCHLD) received from 30
2025/03/30 11:46:52 [notice] 1#1: worker process 30 exited with code 0
2025/03/30 11:46:52 [notice] 1#1: signal 29 (SIGIO) received
2025/03/30 11:46:54 [error] 48#48: *4 directory index of "/home/user/laravel/" is forbidden, client: 192.168.65.1, server: , request: "GET / HTTP/1.1", host: "localhost:8000"
2025/03/30 11:46:54 [error] 48#48: *4 directory index of "/home/user/laravel/" is forbidden, client: 192.168.65.1, server: , request: "GET / HTTP/1.1", host: "localhost:8000"
2025/03/30 11:47:04 [notice] 1#1: signal 3 (SIGQUIT) received, shutting down
2025/03/30 11:47:04 [notice] 48#48: gracefully shutting down
2025/03/30 11:47:04 [notice] 56#56: gracefully shutting down
2025/03/30 11:47:04 [notice] 56#56: exiting
2025/03/30 11:47:04 [notice] 57#57: gracefully shutting down
2025/03/30 11:47:04 [notice] 49#49: gracefully shutting down
2025/03/30 11:47:04 [notice] 50#50: gracefully shutting down
2025/03/30 11:47:04 [notice] 51#51: gracefully shutting down
2025/03/30 11:47:04 [notice] 59#59: gracefully shutting down
2025/03/30 11:47:04 [notice] 52#52: gracefully shutting down
2025/03/30 11:47:04 [notice] 55#55: gracefully shutting down
2025/03/30 11:47:04 [notice] 54#54: gracefully shutting down
2025/03/30 11:47:04 [notice] 58#58: gracefully shutting down
2025/03/30 11:47:04 [notice] 53#53: gracefully shutting down
2025/03/30 11:47:04 [notice] 48#48: exiting
2025/03/30 11:47:04 [notice] 56#56: exit
2025/03/30 11:47:04 [notice] 57#57: exiting
2025/03/30 11:47:04 [notice] 50#50: exiting
2025/03/30 11:47:04 [notice] 51#51: exiting
2025/03/30 11:47:04 [notice] 59#59: exiting
2025/03/30 11:47:04 [notice] 52#52: exiting
2025/03/30 11:47:04 [notice] 55#55: exiting
2025/03/30 11:47:04 [notice] 54#54: exiting
2025/03/30 11:47:04 [notice] 58#58: exiting
2025/03/30 11:47:04 [notice] 53#53: exiting
2025/03/30 11:47:04 [notice] 48#48: exit
2025/03/30 11:47:04 [notice] 57#57: exit
2025/03/30 11:47:04 [notice] 50#50: exit
2025/03/30 11:47:04 [notice] 51#51: exit
2025/03/30 11:47:04 [notice] 59#59: exit
2025/03/30 11:47:04 [notice] 52#52: exit
2025/03/30 11:47:04 [notice] 55#55: exit
2025/03/30 11:47:04 [notice] 54#54: exit
2025/03/30 11:47:04 [notice] 58#58: exit
2025/03/30 11:47:04 [notice] 53#53: exit
2025/03/30 11:47:04 [notice] 1#1: signal 17 (SIGCHLD) received from 51
2025/03/30 11:47:04 [notice] 1#1: worker process 50 exited with code 0
2025/03/30 11:47:04 [notice] 1#1: worker process 48 exited with code 0
2025/03/30 11:47:04 [notice] 1#1: worker process 51 exited with code 0
2025/03/30 11:47:04 [notice] 1#1: worker process 56 exited with code 0
2025/03/30 11:47:04 [notice] 1#1: worker process 59 exited with code 0
2025/03/30 11:47:04 [notice] 1#1: signal 29 (SIGIO) received
2025/03/30 11:47:04 [notice] 1#1: signal 17 (SIGCHLD) received from 50
2025/03/30 11:47:04 [notice] 1#1: signal 17 (SIGCHLD) received from 54
2025/03/30 11:47:04 [notice] 1#1: worker process 54 exited with code 0
2025/03/30 11:47:04 [notice] 1#1: signal 29 (SIGIO) received
2025/03/30 11:47:04 [notice] 1#1: signal 17 (SIGCHLD) received from 53
2025/03/30 11:47:04 [notice] 1#1: worker process 52 exited with code 0
2025/03/30 11:47:04 [notice] 1#1: worker process 53 exited with code 0
2025/03/30 11:47:04 [notice] 1#1: worker process 55 exited with code 0
2025/03/30 11:47:04 [notice] 1#1: worker process 57 exited with code 0
2025/03/30 11:47:04 [notice] 1#1: signal 29 (SIGIO) received
2025/03/30 11:47:04 [notice] 1#1: signal 17 (SIGCHLD) received from 55
2025/03/30 11:47:04 [notice] 1#1: signal 17 (SIGCHLD) received from 58
2025/03/30 11:47:04 [notice] 1#1: worker process 58 exited with code 0
2025/03/30 11:47:04 [notice] 1#1: signal 29 (SIGIO) received
2025/03/30 11:47:36 [notice] 1#1: using the "epoll" event method
2025/03/30 11:47:36 [notice] 1#1: nginx/1.27.4
2025/03/30 11:47:36 [notice] 1#1: built by gcc 14.2.0 (Alpine 14.2.0) 
2025/03/30 11:47:36 [notice] 1#1: OS: Linux 6.12.5-linuxkit
2025/03/30 11:47:36 [notice] 1#1: getrlimit(RLIMIT_NOFILE): 1048576:1048576
2025/03/30 11:47:36 [notice] 1#1: start worker processes
2025/03/30 11:47:36 [notice] 1#1: start worker process 30
2025/03/30 11:47:36 [notice] 1#1: start worker process 31
2025/03/30 11:47:36 [notice] 1#1: start worker process 32
2025/03/30 11:47:36 [notice] 1#1: start worker process 33
2025/03/30 11:47:36 [notice] 1#1: start worker process 34
2025/03/30 11:47:36 [notice] 1#1: start worker process 35
2025/03/30 11:47:36 [notice] 1#1: start worker process 36
2025/03/30 11:47:36 [notice] 1#1: start worker process 37
2025/03/30 11:47:36 [notice] 1#1: start worker process 38
2025/03/30 11:47:36 [notice] 1#1: start worker process 39
2025/03/30 11:47:36 [notice] 1#1: start worker process 40
2025/03/30 11:47:36 [notice] 1#1: start worker process 41
2025/03/30 11:47:38 [error] 30#30: *2 directory index of "/home/user/laravel/" is forbidden, client: 192.168.65.1, server: , request: "GET / HTTP/1.1", host: "localhost:8000"
2025/03/30 11:47:39 [error] 30#30: *2 directory index of "/home/user/laravel/" is forbidden, client: 192.168.65.1, server: , request: "GET / HTTP/1.1", host: "localhost:8000"
2025/03/30 11:47:39 [error] 30#30: *2 directory index of "/home/user/laravel/" is forbidden, client: 192.168.65.1, server: , request: "GET / HTTP/1.1", host: "localhost:8000"
2025/03/30 11:47:47 [error] 30#30: *2 directory index of "/home/user/laravel/" is forbidden, client: 192.168.65.1, server: , request: "GET / HTTP/1.1", host: "localhost:8000"
2025/03/30 11:47:53 [error] 30#30: *2 directory index of "/home/user/laravel/" is forbidden, client: 192.168.65.1, server: , request: "GET / HTTP/1.1", host: "localhost:8000"
2025/03/30 11:48:39 [error] 30#30: *2 directory index of "/home/user/laravel/" is forbidden, client: 192.168.65.1, server: , request: "GET / HTTP/1.1", host: "localhost:8000"
2025/03/30 11:49:11 [notice] 52#52: signal process started
2025/03/30 11:49:11 [notice] 1#1: signal 1 (SIGHUP) received from 52, reconfiguring
2025/03/30 11:49:11 [notice] 1#1: reconfiguring
2025/03/30 11:49:11 [notice] 1#1: using the "epoll" event method
2025/03/30 11:49:11 [notice] 1#1: start worker processes
2025/03/30 11:49:11 [notice] 1#1: start worker process 53
2025/03/30 11:49:11 [notice] 1#1: start worker process 54
2025/03/30 11:49:11 [notice] 1#1: start worker process 55
2025/03/30 11:49:11 [notice] 1#1: start worker process 56
2025/03/30 11:49:11 [notice] 1#1: start worker process 57
2025/03/30 11:49:11 [notice] 1#1: start worker process 58
2025/03/30 11:49:11 [notice] 1#1: start worker process 59
2025/03/30 11:49:11 [notice] 1#1: start worker process 60
2025/03/30 11:49:11 [notice] 1#1: start worker process 61
2025/03/30 11:49:11 [notice] 1#1: start worker process 62
2025/03/30 11:49:11 [notice] 1#1: start worker process 63
2025/03/30 11:49:11 [notice] 1#1: start worker process 64
2025/03/30 11:49:11 [notice] 31#31: gracefully shutting down
2025/03/30 11:49:11 [notice] 31#31: exiting
2025/03/30 11:49:11 [notice] 32#32: gracefully shutting down
2025/03/30 11:49:11 [notice] 35#35: gracefully shutting down
2025/03/30 11:49:11 [notice] 35#35: exiting
2025/03/30 11:49:11 [notice] 36#36: gracefully shutting down
2025/03/30 11:49:11 [notice] 36#36: exiting
2025/03/30 11:49:11 [notice] 30#30: gracefully shutting down
2025/03/30 11:49:11 [notice] 34#34: gracefully shutting down
2025/03/30 11:49:11 [notice] 33#33: gracefully shutting down
2025/03/30 11:49:11 [notice] 38#38: gracefully shutting down
2025/03/30 11:49:11 [notice] 37#37: gracefully shutting down
2025/03/30 11:49:11 [notice] 37#37: exiting
2025/03/30 11:49:11 [notice] 40#40: gracefully shutting down
2025/03/30 11:49:11 [notice] 41#41: gracefully shutting down
2025/03/30 11:49:11 [notice] 39#39: gracefully shutting down
2025/03/30 11:49:11 [notice] 31#31: exit
2025/03/30 11:49:11 [notice] 35#35: exit
2025/03/30 11:49:11 [notice] 36#36: exit
2025/03/30 11:49:11 [notice] 30#30: exiting
2025/03/30 11:49:11 [notice] 34#34: exiting
2025/03/30 11:49:11 [notice] 33#33: exiting
2025/03/30 11:49:11 [notice] 38#38: exiting
2025/03/30 11:49:11 [notice] 37#37: exit
2025/03/30 11:49:11 [notice] 40#40: exiting
2025/03/30 11:49:11 [notice] 41#41: exiting
2025/03/30 11:49:11 [notice] 39#39: exiting
2025/03/30 11:49:11 [notice] 30#30: exit
2025/03/30 11:49:11 [notice] 34#34: exit
2025/03/30 11:49:11 [notice] 33#33: exit
2025/03/30 11:49:11 [notice] 38#38: exit
2025/03/30 11:49:11 [notice] 40#40: exit
2025/03/30 11:49:11 [notice] 41#41: exit
2025/03/30 11:49:11 [notice] 39#39: exit
2025/03/30 11:49:11 [notice] 1#1: signal 17 (SIGCHLD) received from 37
2025/03/30 11:49:11 [notice] 1#1: worker process 35 exited with code 0
2025/03/30 11:49:11 [notice] 1#1: worker process 36 exited with code 0
2025/03/30 11:49:11 [notice] 1#1: worker process 37 exited with code 0
2025/03/30 11:49:11 [notice] 1#1: signal 29 (SIGIO) received
2025/03/30 11:49:11 [notice] 1#1: signal 17 (SIGCHLD) received from 36
2025/03/30 11:49:11 [notice] 1#1: worker process 31 exited with code 0
2025/03/30 11:49:11 [notice] 1#1: signal 29 (SIGIO) received
2025/03/30 11:49:11 [notice] 1#1: signal 17 (SIGCHLD) received from 40
2025/03/30 11:49:11 [notice] 1#1: worker process 33 exited with code 0
2025/03/30 11:49:11 [notice] 1#1: worker process 34 exited with code 0
2025/03/30 11:49:11 [notice] 1#1: worker process 38 exited with code 0
2025/03/30 11:49:11 [notice] 1#1: worker process 30 exited with code 0
2025/03/30 11:49:11 [notice] 1#1: worker process 39 exited with code 0
2025/03/30 11:49:11 [notice] 1#1: worker process 40 exited with code 0
2025/03/30 11:49:11 [notice] 1#1: worker process 41 exited with code 0
2025/03/30 11:49:11 [notice] 1#1: signal 29 (SIGIO) received
2025/03/30 11:49:11 [notice] 1#1: signal 17 (SIGCHLD) received from 39
2025/03/30 11:49:13 [error] 32#32: *3 directory index of "/home/user/laravel/" is forbidden, client: 192.168.65.1, server: , request: "GET / HTTP/1.1", host: "localhost:8000"
2025/03/30 11:49:13 [notice] 32#32: exiting
2025/03/30 11:49:13 [notice] 32#32: exit
2025/03/30 11:49:13 [notice] 1#1: signal 17 (SIGCHLD) received from 32
2025/03/30 11:49:13 [notice] 1#1: worker process 32 exited with code 0
2025/03/30 11:49:13 [notice] 1#1: signal 29 (SIGIO) received
2025/03/30 21:05:45 [notice] 1#1: signal 3 (SIGQUIT) received, shutting down
2025/03/30 21:05:45 [notice] 53#53: gracefully shutting down
2025/03/30 21:05:45 [notice] 54#54: gracefully shutting down
2025/03/30 21:05:45 [notice] 56#56: gracefully shutting down
2025/03/30 21:05:45 [notice] 56#56: exiting
2025/03/30 21:05:45 [notice] 55#55: gracefully shutting down
2025/03/30 21:05:45 [notice] 55#55: exiting
2025/03/30 21:05:45 [notice] 57#57: gracefully shutting down
2025/03/30 21:05:45 [notice] 58#58: gracefully shutting down
2025/03/30 21:05:45 [notice] 60#60: gracefully shutting down
2025/03/30 21:05:45 [notice] 59#59: gracefully shutting down
2025/03/30 21:05:45 [notice] 59#59: exiting
2025/03/30 21:05:45 [notice] 62#62: gracefully shutting down
2025/03/30 21:05:45 [notice] 63#63: gracefully shutting down
2025/03/30 21:05:45 [notice] 64#64: gracefully shutting down
2025/03/30 21:05:45 [notice] 61#61: gracefully shutting down
2025/03/30 21:05:45 [notice] 53#53: exiting
2025/03/30 21:05:45 [notice] 54#54: exiting
2025/03/30 21:05:45 [notice] 56#56: exit
2025/03/30 21:05:45 [notice] 55#55: exit
2025/03/30 21:05:45 [notice] 57#57: exiting
2025/03/30 21:05:45 [notice] 58#58: exiting
2025/03/30 21:05:45 [notice] 60#60: exiting
2025/03/30 21:05:45 [notice] 59#59: exit
2025/03/30 21:05:45 [notice] 62#62: exiting
2025/03/30 21:05:45 [notice] 63#63: exiting
2025/03/30 21:05:45 [notice] 64#64: exiting
2025/03/30 21:05:45 [notice] 61#61: exiting
2025/03/30 21:05:45 [notice] 53#53: exit
2025/03/30 21:05:45 [notice] 54#54: exit
2025/03/30 21:05:45 [notice] 57#57: exit
2025/03/30 21:05:45 [notice] 58#58: exit
2025/03/30 21:05:45 [notice] 60#60: exit
2025/03/30 21:05:45 [notice] 62#62: exit
2025/03/30 21:05:45 [notice] 63#63: exit
2025/03/30 21:05:45 [notice] 64#64: exit
2025/03/30 21:05:45 [notice] 61#61: exit
2025/03/30 21:05:45 [notice] 1#1: signal 17 (SIGCHLD) received from 56
2025/03/30 21:05:45 [notice] 1#1: worker process 56 exited with code 0
2025/03/30 21:05:45 [notice] 1#1: signal 29 (SIGIO) received
2025/03/30 21:05:45 [notice] 1#1: signal 17 (SIGCHLD) received from 55
2025/03/30 21:05:45 [notice] 1#1: worker process 55 exited with code 0
2025/03/30 21:05:45 [notice] 1#1: signal 29 (SIGIO) received
2025/03/30 21:05:45 [notice] 1#1: signal 17 (SIGCHLD) received from 59
2025/03/30 21:05:45 [notice] 1#1: worker process 59 exited with code 0
2025/03/30 21:05:45 [notice] 1#1: signal 29 (SIGIO) received
2025/03/30 21:05:45 [notice] 1#1: signal 17 (SIGCHLD) received from 53
2025/03/30 21:05:45 [notice] 1#1: worker process 53 exited with code 0
2025/03/30 21:05:45 [notice] 1#1: worker process 54 exited with code 0
2025/03/30 21:05:45 [notice] 1#1: signal 29 (SIGIO) received
2025/03/30 21:05:45 [notice] 1#1: signal 17 (SIGCHLD) received from 57
2025/03/30 21:05:45 [notice] 1#1: worker process 57 exited with code 0
2025/03/30 21:05:45 [notice] 1#1: worker process 58 exited with code 0
2025/03/30 21:05:45 [notice] 1#1: worker process 60 exited with code 0
2025/03/30 21:05:45 [notice] 1#1: signal 29 (SIGIO) received
2025/03/30 21:05:45 [notice] 1#1: signal 17 (SIGCHLD) received from 60
2025/03/30 21:05:45 [notice] 1#1: signal 17 (SIGCHLD) received from 61
2025/03/30 21:05:45 [notice] 1#1: worker process 61 exited with code 0
2025/03/30 21:05:45 [notice] 1#1: worker process 64 exited with code 0
2025/03/30 21:05:45 [notice] 1#1: signal 29 (SIGIO) received
2025/03/30 21:05:45 [notice] 1#1: signal 17 (SIGCHLD) received from 64
2025/03/30 21:05:45 [notice] 1#1: worker process 62 exited with code 0
2025/03/30 21:05:45 [notice] 1#1: worker process 63 exited with code 0
2025/03/30 21:05:45 [notice] 1#1: exit
2025/03/31 01:18:36 [notice] 1#1: using the "epoll" event method
2025/03/31 01:18:36 [notice] 1#1: nginx/1.27.4
2025/03/31 01:18:36 [notice] 1#1: built by gcc 14.2.0 (Alpine 14.2.0) 
2025/03/31 01:18:36 [notice] 1#1: OS: Linux 6.12.5-linuxkit
2025/03/31 01:18:36 [notice] 1#1: getrlimit(RLIMIT_NOFILE): 1048576:1048576
2025/03/31 01:18:36 [notice] 1#1: start worker processes
2025/03/31 01:18:36 [notice] 1#1: start worker process 29
2025/03/31 01:18:36 [notice] 1#1: start worker process 30
2025/03/31 01:18:36 [notice] 1#1: start worker process 31
2025/03/31 01:18:36 [notice] 1#1: start worker process 32
2025/03/31 01:18:36 [notice] 1#1: start worker process 33
2025/03/31 01:18:36 [notice] 1#1: start worker process 34
2025/03/31 01:18:36 [notice] 1#1: start worker process 35
2025/03/31 01:18:36 [notice] 1#1: start worker process 36
2025/03/31 01:18:36 [notice] 1#1: start worker process 37
2025/03/31 01:18:36 [notice] 1#1: start worker process 38
2025/03/31 01:18:36 [notice] 1#1: start worker process 39
2025/03/31 01:18:36 [notice] 1#1: start worker process 40
2025/03/31 02:43:35 [notice] 1#1: signal 3 (SIGQUIT) received, shutting down
2025/03/31 02:43:35 [notice] 29#29: gracefully shutting down
2025/03/31 02:43:35 [notice] 36#36: gracefully shutting down
2025/03/31 02:43:35 [notice] 30#30: gracefully shutting down
2025/03/31 02:43:35 [notice] 30#30: exiting
2025/03/31 02:43:35 [notice] 31#31: gracefully shutting down
2025/03/31 02:43:35 [notice] 32#32: gracefully shutting down
2025/03/31 02:43:35 [notice] 33#33: gracefully shutting down
2025/03/31 02:43:35 [notice] 33#33: exiting
2025/03/31 02:43:35 [notice] 35#35: gracefully shutting down
2025/03/31 02:43:35 [notice] 37#37: gracefully shutting down
2025/03/31 02:43:35 [notice] 38#38: gracefully shutting down
2025/03/31 02:43:35 [notice] 39#39: gracefully shutting down
2025/03/31 02:43:35 [notice] 40#40: gracefully shutting down
2025/03/31 02:43:35 [notice] 40#40: exiting
2025/03/31 02:43:35 [notice] 29#29: exiting
2025/03/31 02:43:35 [notice] 34#34: gracefully shutting down
2025/03/31 02:43:35 [notice] 36#36: exiting
2025/03/31 02:43:35 [notice] 30#30: exit
2025/03/31 02:43:35 [notice] 31#31: exiting
2025/03/31 02:43:35 [notice] 32#32: exiting
2025/03/31 02:43:35 [notice] 33#33: exit
2025/03/31 02:43:35 [notice] 35#35: exiting
2025/03/31 02:43:35 [notice] 37#37: exiting
2025/03/31 02:43:35 [notice] 38#38: exiting
2025/03/31 02:43:35 [notice] 39#39: exiting
2025/03/31 02:43:35 [notice] 40#40: exit
2025/03/31 02:43:35 [notice] 29#29: exit
2025/03/31 02:43:35 [notice] 34#34: exiting
2025/03/31 02:43:35 [notice] 36#36: exit
2025/03/31 02:43:35 [notice] 31#31: exit
2025/03/31 02:43:35 [notice] 32#32: exit
2025/03/31 02:43:35 [notice] 35#35: exit
2025/03/31 02:43:35 [notice] 37#37: exit
2025/03/31 02:43:35 [notice] 38#38: exit
2025/03/31 02:43:35 [notice] 39#39: exit
2025/03/31 02:43:35 [notice] 34#34: exit
2025/03/31 02:43:36 [notice] 1#1: signal 17 (SIGCHLD) received from 30
2025/03/31 02:43:36 [notice] 1#1: worker process 30 exited with code 0
2025/03/31 02:43:36 [notice] 1#1: signal 29 (SIGIO) received
2025/03/31 02:43:36 [notice] 1#1: signal 17 (SIGCHLD) received from 33
2025/03/31 02:43:36 [notice] 1#1: worker process 33 exited with code 0
2025/03/31 02:43:36 [notice] 1#1: signal 29 (SIGIO) received
2025/03/31 02:43:36 [notice] 1#1: signal 17 (SIGCHLD) received from 32
2025/03/31 02:43:36 [notice] 1#1: worker process 29 exited with code 0
2025/03/31 02:43:36 [notice] 1#1: worker process 32 exited with code 0
2025/03/31 02:43:36 [notice] 1#1: worker process 36 exited with code 0
2025/03/31 02:43:36 [notice] 1#1: worker process 40 exited with code 0
2025/03/31 02:43:36 [notice] 1#1: signal 29 (SIGIO) received
2025/03/31 02:43:36 [notice] 1#1: signal 17 (SIGCHLD) received from 40
2025/03/31 02:43:36 [notice] 1#1: signal 17 (SIGCHLD) received from 35
2025/03/31 02:43:36 [notice] 1#1: worker process 35 exited with code 0
2025/03/31 02:43:36 [notice] 1#1: worker process 31 exited with code 0
2025/03/31 02:43:36 [notice] 1#1: worker process 38 exited with code 0
2025/03/31 02:43:36 [notice] 1#1: signal 29 (SIGIO) received
2025/03/31 02:43:36 [notice] 1#1: signal 17 (SIGCHLD) received from 31
2025/03/31 02:43:36 [notice] 1#1: signal 17 (SIGCHLD) received from 37
2025/03/31 02:43:36 [notice] 1#1: worker process 34 exited with code 0
2025/03/31 02:43:36 [notice] 1#1: worker process 37 exited with code 0
2025/03/31 02:43:36 [notice] 1#1: worker process 39 exited with code 0
2025/03/31 02:43:36 [notice] 1#1: exit
2025/03/31 08:42:01 [notice] 1#1: using the "epoll" event method
2025/03/31 08:42:01 [notice] 1#1: nginx/1.27.4
2025/03/31 08:42:01 [notice] 1#1: built by gcc 14.2.0 (Alpine 14.2.0) 
2025/03/31 08:42:01 [notice] 1#1: OS: Linux 6.12.5-linuxkit
2025/03/31 08:42:01 [notice] 1#1: getrlimit(RLIMIT_NOFILE): 1048576:1048576
2025/03/31 08:42:01 [notice] 1#1: start worker processes
2025/03/31 08:42:01 [notice] 1#1: start worker process 29
2025/03/31 08:42:01 [notice] 1#1: start worker process 30
2025/03/31 08:42:01 [notice] 1#1: start worker process 31
2025/03/31 08:42:01 [notice] 1#1: start worker process 32
2025/03/31 08:42:01 [notice] 1#1: start worker process 33
2025/03/31 08:42:01 [notice] 1#1: start worker process 34
2025/03/31 08:42:01 [notice] 1#1: start worker process 35
2025/03/31 08:42:01 [notice] 1#1: start worker process 36
2025/03/31 08:42:01 [notice] 1#1: start worker process 37
2025/03/31 08:42:01 [notice] 1#1: start worker process 38
2025/03/31 08:42:01 [notice] 1#1: start worker process 39
2025/03/31 08:42:01 [notice] 1#1: start worker process 40
2025/03/31 09:53:09 [error] 31#31: *106 upstream timed out (110: Operation timed out) while reading response header from upstream, client: 192.168.65.1, server: , request: "GET /vacancies HTTP/1.1", upstream: "fastcgi://172.18.0.4:9000", host: "localhost:8000", referrer: "http://localhost:8000/vacancies/1"
2025/03/31 13:30:10 [notice] 1#1: signal 3 (SIGQUIT) received, shutting down
2025/03/31 13:30:10 [notice] 29#29: gracefully shutting down
2025/03/31 13:30:10 [notice] 30#30: gracefully shutting down
2025/03/31 13:30:10 [notice] 31#31: gracefully shutting down
2025/03/31 13:30:10 [notice] 32#32: gracefully shutting down
2025/03/31 13:30:10 [notice] 33#33: gracefully shutting down
2025/03/31 13:30:10 [notice] 34#34: gracefully shutting down
2025/03/31 13:30:10 [notice] 35#35: gracefully shutting down
2025/03/31 13:30:10 [notice] 36#36: gracefully shutting down
2025/03/31 13:30:10 [notice] 37#37: gracefully shutting down
2025/03/31 13:30:10 [notice] 38#38: gracefully shutting down
2025/03/31 13:30:10 [notice] 38#38: exiting
2025/03/31 13:30:10 [notice] 39#39: gracefully shutting down
2025/03/31 13:30:10 [notice] 39#39: exiting
2025/03/31 13:30:10 [notice] 40#40: gracefully shutting down
2025/03/31 13:30:10 [notice] 29#29: exiting
2025/03/31 13:30:10 [notice] 30#30: exiting
2025/03/31 13:30:10 [notice] 31#31: exiting
2025/03/31 13:30:10 [notice] 32#32: exiting
2025/03/31 13:30:10 [notice] 33#33: exiting
2025/03/31 13:30:10 [notice] 34#34: exiting
2025/03/31 13:30:10 [notice] 35#35: exiting
2025/03/31 13:30:10 [notice] 36#36: exiting
2025/03/31 13:30:10 [notice] 37#37: exiting
2025/03/31 13:30:10 [notice] 38#38: exit
2025/03/31 13:30:10 [notice] 39#39: exit
2025/03/31 13:30:10 [notice] 40#40: exiting
2025/03/31 13:30:10 [notice] 29#29: exit
2025/03/31 13:30:10 [notice] 30#30: exit
2025/03/31 13:30:10 [notice] 31#31: exit
2025/03/31 13:30:10 [notice] 32#32: exit
2025/03/31 13:30:10 [notice] 33#33: exit
2025/03/31 13:30:10 [notice] 34#34: exit
2025/03/31 13:30:10 [notice] 35#35: exit
2025/03/31 13:30:10 [notice] 36#36: exit
2025/03/31 13:30:10 [notice] 37#37: exit
2025/03/31 13:30:10 [notice] 40#40: exit
2025/03/31 13:30:10 [notice] 1#1: signal 17 (SIGCHLD) received from 39
2025/03/31 13:30:10 [notice] 1#1: worker process 29 exited with code 0
2025/03/31 13:30:10 [notice] 1#1: worker process 31 exited with code 0
2025/03/31 13:30:10 [notice] 1#1: worker process 38 exited with code 0
2025/03/31 13:30:10 [notice] 1#1: worker process 39 exited with code 0
2025/03/31 13:30:10 [notice] 1#1: signal 29 (SIGIO) received
2025/03/31 13:30:10 [notice] 1#1: signal 17 (SIGCHLD) received from 31
2025/03/31 13:30:10 [notice] 1#1: signal 17 (SIGCHLD) received from 30
2025/03/31 13:30:10 [notice] 1#1: worker process 30 exited with code 0
2025/03/31 13:30:10 [notice] 1#1: worker process 37 exited with code 0
2025/03/31 13:30:10 [notice] 1#1: signal 29 (SIGIO) received
2025/03/31 13:30:10 [notice] 1#1: signal 17 (SIGCHLD) received from 36
2025/03/31 13:30:10 [notice] 1#1: worker process 32 exited with code 0
2025/03/31 13:30:10 [notice] 1#1: worker process 33 exited with code 0
2025/03/31 13:30:10 [notice] 1#1: worker process 34 exited with code 0
2025/03/31 13:30:10 [notice] 1#1: worker process 35 exited with code 0
2025/03/31 13:30:10 [notice] 1#1: worker process 36 exited with code 0
2025/03/31 13:30:10 [notice] 1#1: worker process 40 exited with code 0
2025/03/31 13:30:10 [notice] 1#1: exit
2025/03/31 13:30:37 [notice] 1#1: using the "epoll" event method
2025/03/31 13:30:37 [notice] 1#1: nginx/1.27.4
2025/03/31 13:30:37 [notice] 1#1: built by gcc 14.2.0 (Alpine 14.2.0) 
2025/03/31 13:30:37 [notice] 1#1: OS: Linux 6.12.5-linuxkit
2025/03/31 13:30:37 [notice] 1#1: getrlimit(RLIMIT_NOFILE): 1048576:1048576
2025/03/31 13:30:37 [notice] 1#1: start worker processes
2025/03/31 13:30:37 [notice] 1#1: start worker process 29
2025/03/31 13:30:37 [notice] 1#1: start worker process 30
2025/03/31 13:30:37 [notice] 1#1: start worker process 31
2025/03/31 13:30:37 [notice] 1#1: start worker process 32
2025/03/31 13:30:37 [notice] 1#1: start worker process 33
2025/03/31 13:30:37 [notice] 1#1: start worker process 34
2025/03/31 13:30:37 [notice] 1#1: start worker process 35
2025/03/31 13:30:37 [notice] 1#1: start worker process 36
2025/03/31 13:30:37 [notice] 1#1: start worker process 37
2025/03/31 13:30:37 [notice] 1#1: start worker process 38
2025/03/31 13:30:37 [notice] 1#1: start worker process 39
2025/03/31 13:30:37 [notice] 1#1: start worker process 40
2025/03/31 13:34:51 [error] 30#30: *2 connect() failed (113: Host is unreachable) while connecting to upstream, client: 192.168.65.1, server: , request: "GET / HTTP/1.1", upstream: "fastcgi://172.18.0.5:9000", host: "localhost:8000"
2025/03/31 13:34:57 [error] 31#31: *3 connect() failed (113: Host is unreachable) while connecting to upstream, client: 192.168.65.1, server: , request: "GET / HTTP/1.1", upstream: "fastcgi://172.18.0.5:9000", host: "localhost:8000"
2025/03/31 13:35:39 [notice] 1#1: signal 3 (SIGQUIT) received, shutting down
2025/03/31 13:35:39 [notice] 29#29: gracefully shutting down
2025/03/31 13:35:39 [notice] 29#29: exiting
2025/03/31 13:35:39 [notice] 30#30: gracefully shutting down
2025/03/31 13:35:39 [notice] 31#31: gracefully shutting down
2025/03/31 13:35:39 [notice] 32#32: gracefully shutting down
2025/03/31 13:35:39 [notice] 33#33: gracefully shutting down
2025/03/31 13:35:39 [notice] 34#34: gracefully shutting down
2025/03/31 13:35:39 [notice] 35#35: gracefully shutting down
2025/03/31 13:35:39 [notice] 36#36: gracefully shutting down
2025/03/31 13:35:39 [notice] 37#37: gracefully shutting down
2025/03/31 13:35:39 [notice] 38#38: gracefully shutting down
2025/03/31 13:35:39 [notice] 39#39: gracefully shutting down
2025/03/31 13:35:39 [notice] 40#40: gracefully shutting down
2025/03/31 13:35:39 [notice] 29#29: exit
2025/03/31 13:35:39 [notice] 30#30: exiting
2025/03/31 13:35:39 [notice] 31#31: exiting
2025/03/31 13:35:39 [notice] 33#33: exiting
2025/03/31 13:35:39 [notice] 34#34: exiting
2025/03/31 13:35:39 [notice] 35#35: exiting
2025/03/31 13:35:39 [notice] 36#36: exiting
2025/03/31 13:35:39 [notice] 37#37: exiting
2025/03/31 13:35:39 [notice] 38#38: exiting
2025/03/31 13:35:39 [notice] 39#39: exiting
2025/03/31 13:35:39 [notice] 40#40: exiting
2025/03/31 13:35:39 [notice] 30#30: exit
2025/03/31 13:35:39 [notice] 31#31: exit
2025/03/31 13:35:39 [notice] 33#33: exit
2025/03/31 13:35:39 [notice] 34#34: exit
2025/03/31 13:35:39 [notice] 35#35: exit
2025/03/31 13:35:39 [notice] 36#36: exit
2025/03/31 13:35:39 [notice] 37#37: exit
2025/03/31 13:35:39 [notice] 38#38: exit
2025/03/31 13:35:39 [notice] 39#39: exit
2025/03/31 13:35:39 [notice] 40#40: exit
2025/03/31 13:35:39 [notice] 1#1: signal 17 (SIGCHLD) received from 29
2025/03/31 13:35:39 [notice] 1#1: worker process 29 exited with code 0
2025/03/31 13:35:39 [notice] 1#1: signal 29 (SIGIO) received
2025/03/31 13:35:39 [notice] 1#1: signal 17 (SIGCHLD) received from 30
2025/03/31 13:35:39 [notice] 1#1: worker process 30 exited with code 0
2025/03/31 13:35:39 [notice] 1#1: worker process 34 exited with code 0
2025/03/31 13:35:39 [notice] 1#1: worker process 36 exited with code 0
2025/03/31 13:35:39 [notice] 1#1: worker process 37 exited with code 0
2025/03/31 13:35:39 [notice] 1#1: signal 29 (SIGIO) received
2025/03/31 13:35:39 [notice] 1#1: signal 17 (SIGCHLD) received from 34
2025/03/31 13:35:39 [notice] 1#1: signal 17 (SIGCHLD) received from 38
2025/03/31 13:35:39 [notice] 1#1: worker process 38 exited with code 0
2025/03/31 13:35:39 [notice] 1#1: signal 29 (SIGIO) received
2025/03/31 13:35:39 [notice] 1#1: signal 17 (SIGCHLD) received from 31
2025/03/31 13:35:39 [notice] 1#1: worker process 31 exited with code 0
2025/03/31 13:35:39 [notice] 1#1: worker process 33 exited with code 0
2025/03/31 13:35:39 [notice] 1#1: worker process 35 exited with code 0
2025/03/31 13:35:39 [notice] 1#1: signal 29 (SIGIO) received
2025/03/31 13:35:39 [notice] 1#1: signal 17 (SIGCHLD) received from 35
2025/03/31 13:35:39 [notice] 1#1: signal 17 (SIGCHLD) received from 39
2025/03/31 13:35:39 [notice] 1#1: worker process 39 exited with code 0
2025/03/31 13:35:39 [notice] 1#1: signal 29 (SIGIO) received
2025/03/31 13:35:39 [notice] 1#1: signal 17 (SIGCHLD) received from 40
2025/03/31 13:35:39 [notice] 1#1: worker process 40 exited with code 0
2025/03/31 13:35:39 [notice] 1#1: signal 29 (SIGIO) received
2025/03/31 13:36:11 [notice] 1#1: using the "epoll" event method
2025/03/31 13:36:11 [notice] 1#1: nginx/1.27.4
2025/03/31 13:36:11 [notice] 1#1: built by gcc 14.2.0 (Alpine 14.2.0) 
2025/03/31 13:36:11 [notice] 1#1: OS: Linux 6.12.5-linuxkit
2025/03/31 13:36:11 [notice] 1#1: getrlimit(RLIMIT_NOFILE): 1048576:1048576
2025/03/31 13:36:11 [notice] 1#1: start worker processes
2025/03/31 13:36:11 [notice] 1#1: start worker process 29
2025/03/31 13:36:11 [notice] 1#1: start worker process 30
2025/03/31 13:36:11 [notice] 1#1: start worker process 31
2025/03/31 13:36:11 [notice] 1#1: start worker process 32
2025/03/31 13:36:11 [notice] 1#1: start worker process 33
2025/03/31 13:36:11 [notice] 1#1: start worker process 34
2025/03/31 13:36:11 [notice] 1#1: start worker process 35
2025/03/31 13:36:11 [notice] 1#1: start worker process 36
2025/03/31 13:36:11 [notice] 1#1: start worker process 37
2025/03/31 13:36:11 [notice] 1#1: start worker process 38
2025/03/31 13:36:11 [notice] 1#1: start worker process 39
2025/03/31 13:36:11 [notice] 1#1: start worker process 40
2025/03/31 13:36:36 [notice] 1#1: signal 3 (SIGQUIT) received, shutting down
2025/03/31 13:36:36 [notice] 30#30: gracefully shutting down
2025/03/31 13:36:36 [notice] 30#30: exiting
2025/03/31 13:36:36 [notice] 32#32: gracefully shutting down
2025/03/31 13:36:36 [notice] 32#32: exiting
2025/03/31 13:36:36 [notice] 33#33: gracefully shutting down
2025/03/31 13:36:36 [notice] 34#34: gracefully shutting down
2025/03/31 13:36:36 [notice] 35#35: gracefully shutting down
2025/03/31 13:36:36 [notice] 31#31: gracefully shutting down
2025/03/31 13:36:36 [notice] 29#29: gracefully shutting down
2025/03/31 13:36:36 [notice] 37#37: gracefully shutting down
2025/03/31 13:36:36 [notice] 40#40: gracefully shutting down
2025/03/31 13:36:36 [notice] 39#39: gracefully shutting down
2025/03/31 13:36:36 [notice] 38#38: gracefully shutting down
2025/03/31 13:36:36 [notice] 36#36: gracefully shutting down
2025/03/31 13:36:36 [notice] 30#30: exit
2025/03/31 13:36:36 [notice] 32#32: exit
2025/03/31 13:36:36 [notice] 33#33: exiting
2025/03/31 13:36:36 [notice] 34#34: exiting
2025/03/31 13:36:36 [notice] 35#35: exiting
2025/03/31 13:36:36 [notice] 31#31: exiting
2025/03/31 13:36:36 [notice] 29#29: exiting
2025/03/31 13:36:36 [notice] 37#37: exiting
2025/03/31 13:36:36 [notice] 40#40: exiting
2025/03/31 13:36:36 [notice] 39#39: exiting
2025/03/31 13:36:36 [notice] 38#38: exiting
2025/03/31 13:36:36 [notice] 36#36: exiting
2025/03/31 13:36:36 [notice] 33#33: exit
2025/03/31 13:36:36 [notice] 34#34: exit
2025/03/31 13:36:36 [notice] 35#35: exit
2025/03/31 13:36:36 [notice] 31#31: exit
2025/03/31 13:36:36 [notice] 29#29: exit
2025/03/31 13:36:36 [notice] 37#37: exit
2025/03/31 13:36:36 [notice] 40#40: exit
2025/03/31 13:36:36 [notice] 39#39: exit
2025/03/31 13:36:36 [notice] 38#38: exit
2025/03/31 13:36:36 [notice] 36#36: exit
2025/03/31 13:36:36 [notice] 1#1: signal 17 (SIGCHLD) received from 30
2025/03/31 13:36:36 [notice] 1#1: worker process 30 exited with code 0
2025/03/31 13:36:36 [notice] 1#1: signal 29 (SIGIO) received
2025/03/31 13:36:36 [notice] 1#1: signal 17 (SIGCHLD) received from 32
2025/03/31 13:36:36 [notice] 1#1: worker process 32 exited with code 0
2025/03/31 13:36:36 [notice] 1#1: signal 29 (SIGIO) received
2025/03/31 13:36:36 [notice] 1#1: signal 17 (SIGCHLD) received from 37
2025/03/31 13:36:36 [notice] 1#1: worker process 29 exited with code 0
2025/03/31 13:36:36 [notice] 1#1: worker process 31 exited with code 0
2025/03/31 13:36:36 [notice] 1#1: worker process 35 exited with code 0
2025/03/31 13:36:36 [notice] 1#1: worker process 37 exited with code 0
2025/03/31 13:36:36 [notice] 1#1: worker process 40 exited with code 0
2025/03/31 13:36:36 [notice] 1#1: signal 29 (SIGIO) received
2025/03/31 13:36:36 [notice] 1#1: signal 17 (SIGCHLD) received from 29
2025/03/31 13:36:36 [notice] 1#1: signal 17 (SIGCHLD) received from 34
2025/03/31 13:36:36 [notice] 1#1: worker process 34 exited with code 0
2025/03/31 13:36:36 [notice] 1#1: worker process 36 exited with code 0
2025/03/31 13:36:36 [notice] 1#1: signal 29 (SIGIO) received
2025/03/31 13:36:36 [notice] 1#1: signal 17 (SIGCHLD) received from 38
2025/03/31 13:36:36 [notice] 1#1: worker process 33 exited with code 0
2025/03/31 13:36:36 [notice] 1#1: worker process 38 exited with code 0
2025/03/31 13:36:36 [notice] 1#1: worker process 39 exited with code 0
2025/03/31 13:36:36 [notice] 1#1: exit
2025/03/31 13:38:38 [notice] 1#1: using the "epoll" event method
2025/03/31 13:38:38 [notice] 1#1: nginx/1.27.4
2025/03/31 13:38:38 [notice] 1#1: built by gcc 14.2.0 (Alpine 14.2.0) 
2025/03/31 13:38:38 [notice] 1#1: OS: Linux 6.12.5-linuxkit
2025/03/31 13:38:38 [notice] 1#1: getrlimit(RLIMIT_NOFILE): 1048576:1048576
2025/03/31 13:38:38 [notice] 1#1: start worker processes
2025/03/31 13:38:38 [notice] 1#1: start worker process 29
2025/03/31 13:38:38 [notice] 1#1: start worker process 30
2025/03/31 13:38:38 [notice] 1#1: start worker process 31
2025/03/31 13:38:38 [notice] 1#1: start worker process 32
2025/03/31 13:38:38 [notice] 1#1: start worker process 33
2025/03/31 13:38:38 [notice] 1#1: start worker process 34
2025/03/31 13:38:38 [notice] 1#1: start worker process 35
2025/03/31 13:38:38 [notice] 1#1: start worker process 36
2025/03/31 13:38:38 [notice] 1#1: start worker process 37
2025/03/31 13:38:38 [notice] 1#1: start worker process 38
2025/03/31 13:38:38 [notice] 1#1: start worker process 39
2025/03/31 13:38:38 [notice] 1#1: start worker process 40
